2025-12-04 22:05:32,822 - ERROR - Error occurred: division by zero
2025-12-04 22:05:32,876 - ERROR - Validation failed: Invalid input format.
2025-12-06 03:07:33,337 - INFO - Info message
2025-12-06 03:07:33,339 - WARNING - Warning message
2025-12-06 03:07:33,339 - ERROR - Error message
2025-12-06 03:07:33,339 - CRITICAL - Critical message
2025-12-06 03:07:33,340 - ERROR - Error occurred: division by zero
2025-12-06 03:07:33,340 - ERROR - Validation failed: Invalid input format.
2025-12-07 00:34:08,676 - INFO - Info message
2025-12-07 00:34:08,677 - WARNING - Warning message
2025-12-07 00:34:08,677 - ERROR - Error message
2025-12-07 00:34:08,677 - CRITICAL - Critical message
2025-12-07 00:34:08,677 - ERROR - Error occurred: division by zero
2025-12-07 00:34:08,678 - ERROR - Validation failed: Invalid input format.
2025-12-07 20:10:16,996 - INFO - Info message
2025-12-07 20:10:16,998 - WARNING - Warning message
2025-12-07 20:10:16,999 - ERROR - Error message
2025-12-07 20:10:16,999 - CRITICAL - Critical message
2025-12-07 20:10:16,999 - ERROR - Error occurred: division by zero
2025-12-07 20:10:17,000 - ERROR - Validation failed: Invalid input format.
2025-12-07 20:10:51,610 - INFO - Info message
2025-12-07 20:10:51,610 - WARNING - Warning message
2025-12-07 20:10:51,611 - ERROR - Error message
2025-12-07 20:10:51,611 - CRITICAL - Critical message
2025-12-07 20:10:51,611 - ERROR - Error occurred: division by zero
2025-12-07 20:10:51,611 - ERROR - Validation failed: Invalid input format.
2025-12-07 20:11:03,956 - INFO - Info message
2025-12-07 20:11:03,957 - WARNING - Warning message
2025-12-07 20:11:03,957 - ERROR - Error message
2025-12-07 20:11:03,957 - CRITICAL - Critical message
2025-12-07 20:11:03,957 - ERROR - Error occurred: division by zero
2025-12-07 20:11:03,958 - ERROR - Validation failed: Invalid input format.
